[0.401s] Invoking command in '/home/cde/d2lros2/chapt2/ws/src/example_py': PYTHONPATH=/home/cde/d2lros2/chapt2/ws/src/example_py/build/example_py/prefix_override:/home/cde/d2lros2/chapt2/ws/src/example_py/install/example_py/lib/python3.10/site-packages:${PYTHONPATH} /usr/bin/python3 -W ignore:setup.py install is deprecated setup.py egg_info --egg-base build/example_py build --build-base /home/cde/d2lros2/chapt2/ws/src/example_py/build/example_py/build install --record /home/cde/d2lros2/chapt2/ws/src/example_py/build/example_py/install.log --single-version-externally-managed install_data
[0.550s] running egg_info
[0.551s] creating build/example_py/example_py.egg-info
[0.552s] writing build/example_py/example_py.egg-info/PKG-INFO
[0.553s] writing dependency_links to build/example_py/example_py.egg-info/dependency_links.txt
[0.553s] writing entry points to build/example_py/example_py.egg-info/entry_points.txt
[0.553s] writing requirements to build/example_py/example_py.egg-info/requires.txt
[0.553s] writing top-level names to build/example_py/example_py.egg-info/top_level.txt
[0.554s] writing manifest file 'build/example_py/example_py.egg-info/SOURCES.txt'
[0.555s] reading manifest file 'build/example_py/example_py.egg-info/SOURCES.txt'
[0.556s] writing manifest file 'build/example_py/example_py.egg-info/SOURCES.txt'
[0.557s] running build
[0.557s] running build_py
[0.557s] creating /home/cde/d2lros2/chapt2/ws/src/example_py/build/example_py/build
[0.557s] creating /home/cde/d2lros2/chapt2/ws/src/example_py/build/example_py/build/lib
[0.557s] creating /home/cde/d2lros2/chapt2/ws/src/example_py/build/example_py/build/lib/example_py
[0.557s] copying example_py/__init__.py -> /home/cde/d2lros2/chapt2/ws/src/example_py/build/example_py/build/lib/example_py
[0.558s] copying example_py/node_02.py -> /home/cde/d2lros2/chapt2/ws/src/example_py/build/example_py/build/lib/example_py
[0.558s] running install
[0.558s] running install_lib
[0.559s] creating /home/cde/d2lros2/chapt2/ws/src/example_py/install/example_py/lib/python3.10/site-packages/example_py
[0.559s] copying /home/cde/d2lros2/chapt2/ws/src/example_py/build/example_py/build/lib/example_py/__init__.py -> /home/cde/d2lros2/chapt2/ws/src/example_py/install/example_py/lib/python3.10/site-packages/example_py
[0.559s] copying /home/cde/d2lros2/chapt2/ws/src/example_py/build/example_py/build/lib/example_py/node_02.py -> /home/cde/d2lros2/chapt2/ws/src/example_py/install/example_py/lib/python3.10/site-packages/example_py
[0.560s] byte-compiling /home/cde/d2lros2/chapt2/ws/src/example_py/install/example_py/lib/python3.10/site-packages/example_py/__init__.py to __init__.cpython-310.pyc
[0.560s] byte-compiling /home/cde/d2lros2/chapt2/ws/src/example_py/install/example_py/lib/python3.10/site-packages/example_py/node_02.py to node_02.cpython-310.pyc
[0.560s] running install_data
[0.560s] creating /home/cde/d2lros2/chapt2/ws/src/example_py/install/example_py/share/ament_index
[0.560s] creating /home/cde/d2lros2/chapt2/ws/src/example_py/install/example_py/share/ament_index/resource_index
[0.560s] creating /home/cde/d2lros2/chapt2/ws/src/example_py/install/example_py/share/ament_index/resource_index/packages
[0.560s] copying resource/example_py -> /home/cde/d2lros2/chapt2/ws/src/example_py/install/example_py/share/ament_index/resource_index/packages
[0.560s] copying package.xml -> /home/cde/d2lros2/chapt2/ws/src/example_py/install/example_py/share/example_py
[0.560s] running install_egg_info
[0.561s] Copying build/example_py/example_py.egg-info to /home/cde/d2lros2/chapt2/ws/src/example_py/install/example_py/lib/python3.10/site-packages/example_py-0.0.0-py3.10.egg-info
[0.562s] running install_scripts
[0.578s] Installing node_02 script to /home/cde/d2lros2/chapt2/ws/src/example_py/install/example_py/lib/example_py
[0.579s] writing list of installed files to '/home/cde/d2lros2/chapt2/ws/src/example_py/build/example_py/install.log'
[0.604s] Invoked command in '/home/cde/d2lros2/chapt2/ws/src/example_py' returned '0': PYTHONPATH=/home/cde/d2lros2/chapt2/ws/src/example_py/build/example_py/prefix_override:/home/cde/d2lros2/chapt2/ws/src/example_py/install/example_py/lib/python3.10/site-packages:${PYTHONPATH} /usr/bin/python3 -W ignore:setup.py install is deprecated setup.py egg_info --egg-base build/example_py build --build-base /home/cde/d2lros2/chapt2/ws/src/example_py/build/example_py/build install --record /home/cde/d2lros2/chapt2/ws/src/example_py/build/example_py/install.log --single-version-externally-managed install_data
