[0.451s] Invoking command in '/home/cde/d2lros2/chapt2/ws/src/example_py': PYTHONPATH=/home/cde/d2lros2/chapt2/ws/src/example_py/build/example_py/prefix_override:/home/cde/d2lros2/chapt2/ws/src/example_py/install/example_py/lib/python3.10/site-packages:${PYTHONPATH} /usr/bin/python3 -W ignore:setup.py install is deprecated setup.py egg_info --egg-base build/example_py build --build-base /home/cde/d2lros2/chapt2/ws/src/example_py/build/example_py/build install --record /home/cde/d2lros2/chapt2/ws/src/example_py/build/example_py/install.log --single-version-externally-managed install_data
[0.603s] running egg_info
[0.603s] writing build/example_py/example_py.egg-info/PKG-INFO
[0.604s] writing dependency_links to build/example_py/example_py.egg-info/dependency_links.txt
[0.605s] writing entry points to build/example_py/example_py.egg-info/entry_points.txt
[0.605s] writing requirements to build/example_py/example_py.egg-info/requires.txt
[0.605s] writing top-level names to build/example_py/example_py.egg-info/top_level.txt
[0.607s] reading manifest file 'build/example_py/example_py.egg-info/SOURCES.txt'
[0.609s] writing manifest file 'build/example_py/example_py.egg-info/SOURCES.txt'
[0.609s] running build
[0.609s] running build_py
[0.609s] running install
[0.609s] running install_lib
[0.614s] running install_data
[0.614s] running install_egg_info
[0.614s] removing '/home/cde/d2lros2/chapt2/ws/src/example_py/install/example_py/lib/python3.10/site-packages/example_py-0.0.0-py3.10.egg-info' (and everything under it)
[0.614s] Copying build/example_py/example_py.egg-info to /home/cde/d2lros2/chapt2/ws/src/example_py/install/example_py/lib/python3.10/site-packages/example_py-0.0.0-py3.10.egg-info
[0.614s] running install_scripts
[0.631s] Installing node_02 = example_py.node_02:mainnode_04 script to /home/cde/d2lros2/chapt2/ws/src/example_py/install/example_py/lib/example_py
[0.632s] writing list of installed files to '/home/cde/d2lros2/chapt2/ws/src/example_py/build/example_py/install.log'
[0.657s] Invoked command in '/home/cde/d2lros2/chapt2/ws/src/example_py' returned '0': PYTHONPATH=/home/cde/d2lros2/chapt2/ws/src/example_py/build/example_py/prefix_override:/home/cde/d2lros2/chapt2/ws/src/example_py/install/example_py/lib/python3.10/site-packages:${PYTHONPATH} /usr/bin/python3 -W ignore:setup.py install is deprecated setup.py egg_info --egg-base build/example_py build --build-base /home/cde/d2lros2/chapt2/ws/src/example_py/build/example_py/build install --record /home/cde/d2lros2/chapt2/ws/src/example_py/build/example_py/install.log --single-version-externally-managed install_data
